<?xml version="1.0" encoding="UTF-8"?>
<!-- Generated by org.testng.reporters.JUnitReportReporter -->
<testsuite hostname="Megaya" failures="0" tests="2" name="Basics.atBeforeClass2" time="0.002" errors="0" timestamp="2024-02-14T13:14:28 IST" skipped="0">
  <testcase classname="Basics.atBeforeClass2" name="testcase3" time="0.001"/>
  <system-out/>
  <testcase classname="Basics.atBeforeClass2" name="testcase4" time="0.001"/>
  <system-out/>
</testsuite> <!-- Basics.atBeforeClass2 -->
