<?xml version="1.0" encoding="UTF-8"?>
<!-- Generated by org.testng.reporters.JUnitReportReporter -->
<testsuite hostname="Megaya" failures="0" tests="1" name="Basics.atBeforeSuite_PersonalLoan" time="0.002" errors="0" timestamp="2024-02-14T13:31:52 IST" skipped="0">
  <testcase classname="Basics.atBeforeSuite_PersonalLoan" name="personal_loan" time="0.002"/>
  <system-out/>
</testsuite> <!-- Basics.atBeforeSuite_PersonalLoan -->
