<?xml version="1.0" encoding="UTF-8"?>
<!-- Generated by org.testng.reporters.JUnitReportReporter -->
<testsuite hostname="Megaya" failures="0" tests="2" name="Basics.atBeforeMethod" time="0.005" errors="0" timestamp="2024-02-14T11:30:57 IST" skipped="0">
  <testcase classname="Basics.atBeforeMethod" name="testDifference" time="0.004"/>
  <system-out/>
  <testcase classname="Basics.atBeforeMethod" name="testSum" time="0.001"/>
  <system-out/>
</testsuite> <!-- Basics.atBeforeMethod -->
