<?xml version="1.0" encoding="UTF-8"?>
<!-- Generated by org.testng.reporters.JUnitReportReporter -->
<testsuite hostname="Megaya" failures="0" tests="6" name="Basics.enableAlwaysRun" time="0.012" errors="0" timestamp="2024-02-14T13:30:54 IST" skipped="0">
  <testcase classname="Basics.enableAlwaysRun" name="SignUp" time="0.008"/>
  <system-out/>
  <testcase classname="Basics.enableAlwaysRun" name="Login" time="0.000"/>
  <system-out/>
  <testcase classname="Basics.enableAlwaysRun" name="Login" time="0.001"/>
  <system-out/>
  <testcase classname="Basics.enableAlwaysRun" name="Login" time="0.000"/>
  <system-out/>
  <testcase classname="Basics.enableAlwaysRun" name="Login" time="0.001"/>
  <system-out/>
  <testcase classname="Basics.enableAlwaysRun" name="Login" time="0.002"/>
  <system-out/>
</testsuite> <!-- Basics.enableAlwaysRun -->
