<?xml version="1.0" encoding="UTF-8"?>
<!-- Generated by org.testng.reporters.JUnitReportReporter -->
<testsuite hostname="Megaya" failures="0" tests="1" name="Basics.atBeforeSuite_HomeLoan" time="0.001" errors="0" timestamp="2024-02-14T13:31:52 IST" skipped="0">
  <testcase classname="Basics.atBeforeSuite_HomeLoan" name="home_loan" time="0.001"/>
  <system-out/>
</testsuite> <!-- Basics.atBeforeSuite_HomeLoan -->
