<?xml version="1.0" encoding="UTF-8"?>
<!-- Generated by org.testng.reporters.JUnitReportReporter -->
<testsuite hostname="LAPTOP-R15KP254" failures="0" tests="1" name="Basics.hierarchy" time="0.005" errors="0" timestamp="2021-04-22T19:51:01 IST" skipped="0">
  <testcase classname="Basics.hierarchy" name="fourthgear" time="0.005"/>
  <system-out/>
</testsuite> <!-- Basics.hierarchy -->
