<?xml version="1.0" encoding="UTF-8"?>
<!-- Generated by org.testng.reporters.JUnitReportReporter -->
<testsuite hostname="Megaya" failures="0" tests="1" name="advanced.Parameterization" time="0.006" errors="0" timestamp="2024-02-14T15:10:42 IST" skipped="0">
  <testcase classname="advanced.Parameterization" name="display" time="0.006"/>
  <system-out/>
</testsuite> <!-- advanced.Parameterization -->
