<?xml version="1.0" encoding="UTF-8"?>
<!-- Generated by org.testng.reporters.JUnitReportReporter -->
<testsuite hostname="Megaya" failures="0" tests="4" name="Basics.executeByName" time="0.012" errors="0" timestamp="2024-02-14T07:59:24 IST" skipped="0">
  <testcase classname="Basics.executeByName" name="bSecondTest" time="0.001"/>
  <system-out/>
  <testcase classname="Basics.executeByName" name="afirstTest" time="0.008"/>
  <system-out/>
  <testcase classname="Basics.executeByName" name="dfourthTest" time="0.002"/>
  <system-out/>
  <testcase classname="Basics.executeByName" name="cThirdTest" time="0.001"/>
  <system-out/>
</testsuite> <!-- Basics.executeByName -->
