<?xml version="1.0" encoding="UTF-8"?>
<!-- Generated by org.testng.reporters.JUnitReportReporter -->
<testsuite hostname="Megaya" failures="0" tests="2" name="advanced.ParallelTesting" time="6.828" errors="0" timestamp="2024-02-14T17:37:26 IST" skipped="0">
  <testcase classname="advanced.ParallelTesting" name="OpenBing" time="2.765"/>
  <system-out/>
  <testcase classname="advanced.ParallelTesting" name="OpenGoogle" time="4.063"/>
  <system-out/>
</testsuite> <!-- advanced.ParallelTesting -->
