<?xml version="1.0" encoding="UTF-8"?>
<!-- Generated by org.testng.reporters.JUnitReportReporter -->
<testsuite hostname="Megaya" failures="0" tests="5" name="Basics.priorityDependsOn" time="0.015" errors="0" timestamp="2024-02-14T08:05:24 IST" skipped="0">
  <testcase classname="Basics.priorityDependsOn" name="ignitionon" time="0.010"/>
  <system-out/>
  <testcase classname="Basics.priorityDependsOn" name="firstgear" time="0.002"/>
  <system-out/>
  <testcase classname="Basics.priorityDependsOn" name="secondgear" time="0.001"/>
  <system-out/>
  <testcase classname="Basics.priorityDependsOn" name="thirdgear" time="0.001"/>
  <system-out/>
  <testcase classname="Basics.priorityDependsOn" name="fourthgear" time="0.001"/>
  <system-out/>
</testsuite> <!-- Basics.priorityDependsOn -->
