<?xml version="1.0" encoding="UTF-8"?>
<!-- Generated by org.testng.reporters.JUnitReportReporter -->
<testsuite hostname="Megaya" failures="0" tests="4" name="Basics.atBeforeTest" time="0.006" errors="0" timestamp="2024-02-14T11:20:51 IST" skipped="0">
  <testcase classname="Basics.atBeforeTest" name="test4" time="0.005"/>
  <system-out/>
  <testcase classname="Basics.atBeforeTest" name="test1" time="0.000"/>
  <system-out/>
  <testcase classname="Basics.atBeforeTest" name="test2" time="0.000"/>
  <system-out/>
  <testcase classname="Basics.atBeforeTest" name="test3" time="0.001"/>
  <system-out/>
</testsuite> <!-- Basics.atBeforeTest -->
