<?xml version="1.0" encoding="UTF-8"?>
<!-- Generated by org.testng.reporters.JUnitReportReporter -->
<testsuite hostname="Megaya" failures="0" tests="4" name="advanced.Grouping_testcases" time="0.008" errors="0" timestamp="2024-02-14T14:06:11 IST" skipped="0">
  <testcase classname="advanced.Grouping_testcases" name="Samsung2" time="0.001"/>
  <system-out/>
  <testcase classname="advanced.Grouping_testcases" name="Vivo1" time="0.001"/>
  <system-out/>
  <testcase classname="advanced.Grouping_testcases" name="Samsung1" time="0.005"/>
  <system-out/>
  <testcase classname="advanced.Grouping_testcases" name="vivo" time="0.001"/>
  <system-out/>
</testsuite> <!-- advanced.Grouping_testcases -->
