<?xml version="1.0" encoding="UTF-8"?>
<!-- Generated by org.testng.reporters.JUnitReportReporter -->
<testsuite hostname="Megaya" failures="0" tests="1" name="Basics.first" time="0.009" errors="0" timestamp="2024-02-13T20:07:31 IST" skipped="0">
  <testcase classname="Basics.first" name="opentstNG" time="0.009"/>
  <system-out/>
</testsuite> <!-- Basics.first -->
