<?xml version="1.0" encoding="UTF-8"?>
<!-- Generated by org.testng.reporters.JUnitReportReporter -->
<testsuite hostname="LAPTOP-R15KP254" failures="0" tests="5" name="Basics.priorityDependsOn" time="0.011" errors="0" timestamp="2021-04-22T19:51:01 IST" skipped="0">
  <testcase classname="Basics.priorityDependsOn" name="ignitionon" time="0.004"/>
  <system-out/>
  <testcase classname="Basics.priorityDependsOn" name="firstgear" time="0.003"/>
  <system-out/>
  <testcase classname="Basics.priorityDependsOn" name="secondgear" time="0.001"/>
  <system-out/>
  <testcase classname="Basics.priorityDependsOn" name="thirdgear" time="0.002"/>
  <system-out/>
  <testcase classname="Basics.priorityDependsOn" name="fourthgear" time="0.001"/>
  <system-out/>
</testsuite> <!-- Basics.priorityDependsOn -->
